<?xml version="1.0" encoding="UTF-8"?>
<!-- Generated by org.testng.reporters.JUnitReportReporter -->
<testsuite hostname="Sheherjan" failures="0" tests="2" name="UItestwithTestNG.LoginTest" time="0.010" errors="0" timestamp="2023-07-05T12:26:21 BDT" skipped="0">
  <testcase classname="UItestwithTestNG.LoginTest" name="loginTest" time="0.009"/>
  <system-out/>
  <testcase classname="UItestwithTestNG.LoginTest" name="logoutTest" time="0.001"/>
  <system-out/>
</testsuite> <!-- UItestwithTestNG.LoginTest -->
