<?xml version="1.0" encoding="UTF-8"?>
<!-- Generated by org.testng.reporters.JUnitReportReporter -->
<testsuite hostname="Sheherjan" failures="0" tests="3" name="UItestwithTestNG.GroupDemoTest" time="0.017" errors="0" timestamp="2023-06-06T11:00:10 BDT" skipped="0">
  <testcase classname="UItestwithTestNG.GroupDemoTest" name="bTest3" time="0.014"/>
  <system-out/>
  <testcase classname="UItestwithTestNG.GroupDemoTest" name="aTest1" time="0.001"/>
  <system-out/>
  <testcase classname="UItestwithTestNG.GroupDemoTest" name="bTest2" time="0.002"/>
  <system-out/>
</testsuite> <!-- UItestwithTestNG.GroupDemoTest -->
