<?xml version="1.0" encoding="UTF-8"?>
<!-- Generated by org.testng.reporters.JUnitReportReporter -->
<testsuite hostname="Sheherjan" failures="0" tests="8" name="UItestwithTestNG.DataProviderDemo" time="0.023" errors="0" timestamp="2023-07-05T10:57:36 BDT" skipped="0">
  <testcase classname="UItestwithTestNG.DataProviderDemo" name="test" time="0.014"/>
  <system-out/>
  <testcase classname="UItestwithTestNG.DataProviderDemo" name="test" time="0.001"/>
  <system-out/>
  <testcase classname="UItestwithTestNG.DataProviderDemo" name="test" time="0.001"/>
  <system-out/>
  <testcase classname="UItestwithTestNG.DataProviderDemo" name="test1" time="0.001"/>
  <system-out/>
  <testcase classname="UItestwithTestNG.DataProviderDemo" name="test1" time="0.002"/>
  <system-out/>
  <testcase classname="UItestwithTestNG.DataProviderDemo" name="test" time="0.001"/>
  <system-out/>
  <testcase classname="UItestwithTestNG.DataProviderDemo" name="test1" time="0.002"/>
  <system-out/>
  <testcase classname="UItestwithTestNG.DataProviderDemo" name="test1" time="0.001"/>
  <system-out/>
</testsuite> <!-- UItestwithTestNG.DataProviderDemo -->
