<?xml version="1.0" encoding="UTF-8"?>
<!-- Generated by org.testng.reporters.JUnitReportReporter -->
<testsuite hostname="Sheherjan" failures="0" tests="8" name="UItestwithTestNG.DataProviderDemoTest" time="0.029" errors="0" timestamp="2023-07-05T10:05:02 BDT" skipped="0">
  <testcase classname="UItestwithTestNG.DataProviderDemoTest" name="test1" time="0.005"/>
  <system-out/>
  <testcase classname="UItestwithTestNG.DataProviderDemoTest" name="test1" time="0.004"/>
  <system-out/>
  <testcase classname="UItestwithTestNG.DataProviderDemoTest" name="test" time="0.012"/>
  <system-out/>
  <testcase classname="UItestwithTestNG.DataProviderDemoTest" name="test" time="0.002"/>
  <system-out/>
  <testcase classname="UItestwithTestNG.DataProviderDemoTest" name="test" time="0.003"/>
  <system-out/>
  <testcase classname="UItestwithTestNG.DataProviderDemoTest" name="test1" time="0.000"/>
  <system-out/>
  <testcase classname="UItestwithTestNG.DataProviderDemoTest" name="test" time="0.002"/>
  <system-out/>
  <testcase classname="UItestwithTestNG.DataProviderDemoTest" name="test1" time="0.001"/>
  <system-out/>
</testsuite> <!-- UItestwithTestNG.DataProviderDemoTest -->
