<?xml version="1.0" encoding="UTF-8"?>
<!-- Generated by org.testng.reporters.JUnitReportReporter -->
<testsuite hostname="Sheherjan" failures="0" tests="3" name="UItestwithTestNG.SkipDemoTest" time="0.015" errors="0" timestamp="2023-06-14T11:36:12 BDT" skipped="3">
  <testcase classname="UItestwithTestNG.SkipDemoTest" name="skipTest3" time="0.001">
    <skipped/>
  </testcase> <!-- skipTest3 -->
  <system-out/>
  <testcase classname="UItestwithTestNG.SkipDemoTest" name="skipTest2" time="0.014">
    <skipped/>
  </testcase> <!-- skipTest2 -->
  <system-out/>
  <testcase classname="UItestwithTestNG.SkipDemoTest" name="skipTest1">
    <skipped/>
  </testcase> <!-- skipTest1 -->
  <system-out/>
</testsuite> <!-- UItestwithTestNG.SkipDemoTest -->
